This file contains any messages produced by compilers while
running configure, to aid debugging if configure makes a mistake.

It was created by starall-core configure 0.1, which was
generated by GNU Autoconf 2.69.  Invocation command line was

  $ ./configure --disable-postgres

## --------- ##
## Platform. ##
## --------- ##

hostname = cointeam1
uname -m = x86_64
uname -r = 4.4.0-116-generic
uname -s = Linux
uname -v = #140-Ubuntu SMP Mon Feb 12 21:23:04 UTC 2018

/usr/bin/uname -p = unknown
/bin/uname -X     = unknown

/bin/arch              = unknown
/usr/bin/arch -k       = unknown
/usr/convex/getsysinfo = unknown
/usr/bin/hostinfo      = unknown
/bin/machine           = unknown
/usr/bin/oslevel       = unknown
/bin/universe          = unknown

PATH: /usr/local/sbin
PATH: /usr/local/bin
PATH: /usr/sbin
PATH: /usr/bin
PATH: /sbin
PATH: /bin
PATH: /usr/games
PATH: /usr/local/games


## ----------- ##
## Core tests. ##
## ----------- ##

configure:2415: checking for a BSD-compatible install
configure:2483: result: /usr/bin/install -c
configure:2494: checking whether build environment is sane
configure:2549: result: yes
configure:2700: checking for a thread-safe mkdir -p
configure:2739: result: /bin/mkdir -p
configure:2746: checking for gawk
configure:2776: result: no
configure:2746: checking for mawk
configure:2762: found /usr/bin/mawk
configure:2773: result: mawk
configure:2784: checking whether make sets $(MAKE)
configure:2806: result: yes
configure:2835: checking whether make supports nested variables
configure:2852: result: yes
configure:2941: checking whether UID '0' is supported by ustar format
configure:2944: result: yes
configure:2951: checking whether GID '0' is supported by ustar format
configure:2954: result: yes
configure:2962: checking how to create a ustar tar archive
configure:2973: tar --version
tar (GNU tar) 1.28
Copyright (C) 2014 Free Software Foundation, Inc.
License GPLv3+: GNU GPL version 3 or later <http://gnu.org/licenses/gpl.html>.
This is free software: you are free to change and redistribute it.
There is NO WARRANTY, to the extent permitted by law.

Written by John Gilmore and Jay Fenlason.
configure:2976: $? = 0
configure:3016: tardir=conftest.dir && eval tar --format=ustar -chf - "$tardir" >conftest.tar
configure:3019: $? = 0
configure:3023: tar -xf - <conftest.tar
configure:3026: $? = 0
configure:3028: cat conftest.dir/file
GrepMe
configure:3031: $? = 0
configure:3044: result: gnutar
configure:3171: checking for clang
configure:3201: result: no
configure:3171: checking for gcc
configure:3187: found /usr/bin/gcc
configure:3198: result: gcc
configure:3229: checking for C compiler version
configure:3238: gcc --version >&5
gcc (Ubuntu 5.4.0-6ubuntu1~16.04.10) 5.4.0 20160609
Copyright (C) 2015 Free Software Foundation, Inc.
This is free software; see the source for copying conditions.  There is NO
warranty; not even for MERCHANTABILITY or FITNESS FOR A PARTICULAR PURPOSE.

configure:3249: $? = 0
configure:3238: gcc -v >&5
Using built-in specs.
COLLECT_GCC=gcc
COLLECT_LTO_WRAPPER=/usr/lib/gcc/x86_64-linux-gnu/5/lto-wrapper
Target: x86_64-linux-gnu
Configured with: ../src/configure -v --with-pkgversion='Ubuntu 5.4.0-6ubuntu1~16.04.10' --with-bugurl=file:///usr/share/doc/gcc-5/README.Bugs --enable-languages=c,ada,c++,java,go,d,fortran,objc,obj-c++ --prefix=/usr --program-suffix=-5 --enable-shared --enable-linker-build-id --libexecdir=/usr/lib --without-included-gettext --enable-threads=posix --libdir=/usr/lib --enable-nls --with-sysroot=/ --enable-clocale=gnu --enable-libstdcxx-debug --enable-libstdcxx-time=yes --with-default-libstdcxx-abi=new --enable-gnu-unique-object --disable-vtable-verify --enable-libmpx --enable-plugin --with-system-zlib --disable-browser-plugin --enable-java-awt=gtk --enable-gtk-cairo --with-java-home=/usr/lib/jvm/java-1.5.0-gcj-5-amd64/jre --enable-java-home --with-jvm-root-dir=/usr/lib/jvm/java-1.5.0-gcj-5-amd64 --with-jvm-jar-dir=/usr/lib/jvm-exports/java-1.5.0-gcj-5-amd64 --with-arch-directory=amd64 --with-ecj-jar=/usr/share/java/eclipse-ecj.jar --enable-objc-gc --enable-multiarch --disable-werror --with-arch-32=i686 --with-abi=m64 --with-multilib-list=m32,m64,mx32 --enable-multilib --with-tune=generic --enable-checking=release --build=x86_64-linux-gnu --host=x86_64-linux-gnu --target=x86_64-linux-gnu
Thread model: posix
gcc version 5.4.0 20160609 (Ubuntu 5.4.0-6ubuntu1~16.04.10) 
configure:3249: $? = 0
configure:3238: gcc -V >&5
gcc: error: unrecognized command line option '-V'
gcc: fatal error: no input files
compilation terminated.
configure:3249: $? = 1
configure:3238: gcc -qversion >&5
gcc: error: unrecognized command line option '-qversion'
gcc: fatal error: no input files
compilation terminated.
configure:3249: $? = 1
configure:3269: checking whether the C compiler works
configure:3291: gcc -g -O2   conftest.c  >&5
configure:3295: $? = 0
configure:3343: result: yes
configure:3346: checking for C compiler default output file name
configure:3348: result: a.out
configure:3354: checking for suffix of executables
configure:3361: gcc -o conftest -g -O2   conftest.c  >&5
configure:3365: $? = 0
configure:3387: result: 
configure:3409: checking whether we are cross compiling
configure:3417: gcc -o conftest -g -O2   conftest.c  >&5
configure:3421: $? = 0
configure:3428: ./conftest
configure:3432: $? = 0
configure:3447: result: no
configure:3452: checking for suffix of object files
configure:3474: gcc -c -g -O2  conftest.c >&5
configure:3478: $? = 0
configure:3499: result: o
configure:3503: checking whether we are using the GNU C compiler
configure:3522: gcc -c -g -O2  conftest.c >&5
configure:3522: $? = 0
configure:3531: result: yes
configure:3540: checking whether gcc accepts -g
configure:3560: gcc -c -g  conftest.c >&5
configure:3560: $? = 0
configure:3601: result: yes
configure:3618: checking for gcc option to accept ISO C89
configure:3681: gcc  -c -g -O2  conftest.c >&5
configure:3681: $? = 0
configure:3694: result: none needed
configure:3719: checking whether gcc understands -c and -o together
configure:3741: gcc -c conftest.c -o conftest2.o
configure:3744: $? = 0
configure:3741: gcc -c conftest.c -o conftest2.o
configure:3744: $? = 0
configure:3756: result: yes
configure:3784: checking for style of include used by make
configure:3812: result: GNU
configure:3838: checking dependency style of gcc
configure:3949: result: gcc3
configure:4022: checking for clang++
configure:4052: result: no
configure:4022: checking for g++
configure:4038: found /usr/bin/g++
configure:4049: result: g++
configure:4076: checking for C++ compiler version
configure:4085: g++ --version >&5
g++ (Ubuntu 5.4.0-6ubuntu1~16.04.10) 5.4.0 20160609
Copyright (C) 2015 Free Software Foundation, Inc.
This is free software; see the source for copying conditions.  There is NO
warranty; not even for MERCHANTABILITY or FITNESS FOR A PARTICULAR PURPOSE.

configure:4096: $? = 0
configure:4085: g++ -v >&5
Using built-in specs.
COLLECT_GCC=g++
COLLECT_LTO_WRAPPER=/usr/lib/gcc/x86_64-linux-gnu/5/lto-wrapper
Target: x86_64-linux-gnu
Configured with: ../src/configure -v --with-pkgversion='Ubuntu 5.4.0-6ubuntu1~16.04.10' --with-bugurl=file:///usr/share/doc/gcc-5/README.Bugs --enable-languages=c,ada,c++,java,go,d,fortran,objc,obj-c++ --prefix=/usr --program-suffix=-5 --enable-shared --enable-linker-build-id --libexecdir=/usr/lib --without-included-gettext --enable-threads=posix --libdir=/usr/lib --enable-nls --with-sysroot=/ --enable-clocale=gnu --enable-libstdcxx-debug --enable-libstdcxx-time=yes --with-default-libstdcxx-abi=new --enable-gnu-unique-object --disable-vtable-verify --enable-libmpx --enable-plugin --with-system-zlib --disable-browser-plugin --enable-java-awt=gtk --enable-gtk-cairo --with-java-home=/usr/lib/jvm/java-1.5.0-gcj-5-amd64/jre --enable-java-home --with-jvm-root-dir=/usr/lib/jvm/java-1.5.0-gcj-5-amd64 --with-jvm-jar-dir=/usr/lib/jvm-exports/java-1.5.0-gcj-5-amd64 --with-arch-directory=amd64 --with-ecj-jar=/usr/share/java/eclipse-ecj.jar --enable-objc-gc --enable-multiarch --disable-werror --with-arch-32=i686 --with-abi=m64 --with-multilib-list=m32,m64,mx32 --enable-multilib --with-tune=generic --enable-checking=release --build=x86_64-linux-gnu --host=x86_64-linux-gnu --target=x86_64-linux-gnu
Thread model: posix
gcc version 5.4.0 20160609 (Ubuntu 5.4.0-6ubuntu1~16.04.10) 
configure:4096: $? = 0
configure:4085: g++ -V >&5
g++: error: unrecognized command line option '-V'
g++: fatal error: no input files
compilation terminated.
configure:4096: $? = 1
configure:4085: g++ -qversion >&5
g++: error: unrecognized command line option '-qversion'
g++: fatal error: no input files
compilation terminated.
configure:4096: $? = 1
configure:4100: checking whether we are using the GNU C++ compiler
configure:4119: g++ -c -g -O2  conftest.cpp >&5
configure:4119: $? = 0
configure:4128: result: yes
configure:4137: checking whether g++ accepts -g
configure:4157: g++ -c -g  conftest.cpp >&5
configure:4157: $? = 0
configure:4198: result: yes
configure:4223: checking dependency style of g++
configure:4334: result: gcc3
configure:4399: checking for ar
configure:4415: found /usr/bin/ar
configure:4426: result: ar
configure:4452: checking the archiver (ar) interface
configure:4468: gcc -c -g -O2  conftest.c >&5
configure:4468: $? = 0
configure:4470: ar cru libconftest.a conftest.o >&5
ar: `u' modifier ignored since `D' is the default (see `U')
configure:4473: $? = 0
configure:4501: result: ar
configure:4552: checking build system type
configure:4566: result: x86_64-pc-linux-gnu
configure:4586: checking host system type
configure:4599: result: x86_64-pc-linux-gnu
configure:4640: checking how to print strings
configure:4667: result: printf
configure:4688: checking for a sed that does not truncate output
configure:4752: result: /bin/sed
configure:4770: checking for grep that handles long lines and -e
configure:4828: result: /bin/grep
configure:4833: checking for egrep
configure:4895: result: /bin/grep -E
configure:4900: checking for fgrep
configure:4962: result: /bin/grep -F
configure:4997: checking for ld used by gcc
configure:5064: result: /usr/bin/ld
configure:5071: checking if the linker (/usr/bin/ld) is GNU ld
configure:5086: result: yes
configure:5098: checking for BSD- or MS-compatible name lister (nm)
configure:5152: result: /usr/bin/nm -B
configure:5282: checking the name lister (/usr/bin/nm -B) interface
configure:5289: gcc -c -g -O2  conftest.c >&5
configure:5292: /usr/bin/nm -B "conftest.o"
configure:5295: output
0000000000000000 B some_variable
configure:5302: result: BSD nm
configure:5305: checking whether ln -s works
configure:5309: result: yes
configure:5317: checking the maximum length of command line arguments
configure:5448: result: 1572864
configure:5496: checking how to convert x86_64-pc-linux-gnu file names to x86_64-pc-linux-gnu format
configure:5536: result: func_convert_file_noop
configure:5543: checking how to convert x86_64-pc-linux-gnu file names to toolchain format
configure:5563: result: func_convert_file_noop
configure:5570: checking for /usr/bin/ld option to reload object files
configure:5577: result: -r
configure:5651: checking for objdump
configure:5667: found /usr/bin/objdump
configure:5678: result: objdump
configure:5710: checking how to recognize dependent libraries
configure:5910: result: pass_all
configure:5995: checking for dlltool
configure:6025: result: no
configure:6055: checking how to associate runtime and link libraries
configure:6082: result: printf %s\n
configure:6206: checking for archiver @FILE support
configure:6223: gcc -c -g -O2  conftest.c >&5
configure:6223: $? = 0
configure:6226: ar cru libconftest.a @conftest.lst >&5
ar: `u' modifier ignored since `D' is the default (see `U')
configure:6229: $? = 0
configure:6234: ar cru libconftest.a @conftest.lst >&5
ar: `u' modifier ignored since `D' is the default (see `U')
ar: conftest.o: No such file or directory
configure:6237: $? = 1
configure:6249: result: @
configure:6307: checking for strip
configure:6323: found /usr/bin/strip
configure:6334: result: strip
configure:6406: checking for ranlib
configure:6422: found /usr/bin/ranlib
configure:6433: result: ranlib
configure:6535: checking command to parse /usr/bin/nm -B output from gcc object
configure:6688: gcc -c -g -O2  conftest.c >&5
configure:6691: $? = 0
configure:6695: /usr/bin/nm -B conftest.o \| sed -n -e 's/^.*[ ]\([ABCDGIRSTW][ABCDGIRSTW]*\)[ ][ ]*\([_A-Za-z][_A-Za-z0-9]*\)$/\1 \2 \2/p' | sed '/ __gnu_lto/d' \> conftest.nm
configure:6698: $? = 0
configure:6764: gcc -o conftest -g -O2   conftest.c conftstm.o >&5
configure:6767: $? = 0
configure:6805: result: ok
configure:6852: checking for sysroot
configure:6882: result: no
configure:6889: checking for a working dd
configure:6927: result: /bin/dd
configure:6931: checking how to truncate binary pipes
configure:6946: result: /bin/dd bs=4096 count=1
configure:7082: gcc -c -g -O2  conftest.c >&5
configure:7085: $? = 0
configure:7275: checking for mt
configure:7291: found /bin/mt
configure:7302: result: mt
configure:7325: checking if mt is a manifest tool
configure:7331: mt '-?'
configure:7339: result: no
configure:8016: checking how to run the C preprocessor
configure:8047: gcc -E  conftest.c
configure:8047: $? = 0
configure:8061: gcc -E  conftest.c
conftest.c:11:28: fatal error: ac_nonexistent.h: No such file or directory
compilation terminated.
configure:8061: $? = 1
configure: failed program was:
| /* confdefs.h */
| #define PACKAGE_NAME "starall-core"
| #define PACKAGE_TARNAME "starall-core"
| #define PACKAGE_VERSION "0.1"
| #define PACKAGE_STRING "starall-core 0.1"
| #define PACKAGE_BUGREPORT ""
| #define PACKAGE_URL "http://www.starall.org"
| #define PACKAGE "starall-core"
| #define VERSION "0.1"
| /* end confdefs.h.  */
| #include <ac_nonexistent.h>
configure:8086: result: gcc -E
configure:8106: gcc -E  conftest.c
configure:8106: $? = 0
configure:8120: gcc -E  conftest.c
conftest.c:11:28: fatal error: ac_nonexistent.h: No such file or directory
compilation terminated.
configure:8120: $? = 1
configure: failed program was:
| /* confdefs.h */
| #define PACKAGE_NAME "starall-core"
| #define PACKAGE_TARNAME "starall-core"
| #define PACKAGE_VERSION "0.1"
| #define PACKAGE_STRING "starall-core 0.1"
| #define PACKAGE_BUGREPORT ""
| #define PACKAGE_URL "http://www.starall.org"
| #define PACKAGE "starall-core"
| #define VERSION "0.1"
| /* end confdefs.h.  */
| #include <ac_nonexistent.h>
configure:8149: checking for ANSI C header files
configure:8169: gcc -c -g -O2  conftest.c >&5
configure:8169: $? = 0
configure:8242: gcc -o conftest -g -O2   conftest.c  >&5
configure:8242: $? = 0
configure:8242: ./conftest
configure:8242: $? = 0
configure:8253: result: yes
configure:8266: checking for sys/types.h
configure:8266: gcc -c -g -O2  conftest.c >&5
configure:8266: $? = 0
configure:8266: result: yes
configure:8266: checking for sys/stat.h
configure:8266: gcc -c -g -O2  conftest.c >&5
configure:8266: $? = 0
configure:8266: result: yes
configure:8266: checking for stdlib.h
configure:8266: gcc -c -g -O2  conftest.c >&5
configure:8266: $? = 0
configure:8266: result: yes
configure:8266: checking for string.h
configure:8266: gcc -c -g -O2  conftest.c >&5
configure:8266: $? = 0
configure:8266: result: yes
configure:8266: checking for memory.h
configure:8266: gcc -c -g -O2  conftest.c >&5
configure:8266: $? = 0
configure:8266: result: yes
configure:8266: checking for strings.h
configure:8266: gcc -c -g -O2  conftest.c >&5
configure:8266: $? = 0
configure:8266: result: yes
configure:8266: checking for inttypes.h
configure:8266: gcc -c -g -O2  conftest.c >&5
configure:8266: $? = 0
configure:8266: result: yes
configure:8266: checking for stdint.h
configure:8266: gcc -c -g -O2  conftest.c >&5
configure:8266: $? = 0
configure:8266: result: yes
configure:8266: checking for unistd.h
configure:8266: gcc -c -g -O2  conftest.c >&5
configure:8266: $? = 0
configure:8266: result: yes
configure:8280: checking for dlfcn.h
configure:8280: gcc -c -g -O2  conftest.c >&5
configure:8280: $? = 0
configure:8280: result: yes
configure:8546: checking for objdir
configure:8561: result: .libs
configure:8825: checking if gcc supports -fno-rtti -fno-exceptions
configure:8843: gcc -c -g -O2  -fno-rtti -fno-exceptions conftest.c >&5
cc1: warning: command line option '-fno-rtti' is valid for C++/ObjC++ but not for C
configure:8847: $? = 0
configure:8860: result: no
configure:9218: checking for gcc option to produce PIC
configure:9225: result: -fPIC -DPIC
configure:9233: checking if gcc PIC flag -fPIC -DPIC works
configure:9251: gcc -c -g -O2  -fPIC -DPIC -DPIC conftest.c >&5
configure:9255: $? = 0
configure:9268: result: yes
configure:9297: checking if gcc static flag -static works
configure:9325: result: yes
configure:9340: checking if gcc supports -c -o file.o
configure:9361: gcc -c -g -O2  -o out/conftest2.o conftest.c >&5
configure:9365: $? = 0
configure:9387: result: yes
configure:9395: checking if gcc supports -c -o file.o
configure:9442: result: yes
configure:9475: checking whether the gcc linker (/usr/bin/ld -m elf_x86_64) supports shared libraries
configure:10738: result: yes
configure:10978: checking dynamic linker characteristics
configure:11559: gcc -o conftest -g -O2   -Wl,-rpath -Wl,/foo conftest.c  >&5
configure:11559: $? = 0
configure:11808: result: GNU/Linux ld.so
configure:11930: checking how to hardcode library paths into programs
configure:11955: result: immediate
configure:12503: checking whether stripping libraries is possible
configure:12508: result: yes
configure:12543: checking if libtool supports shared libraries
configure:12545: result: yes
configure:12548: checking whether to build shared libraries
configure:12573: result: no
configure:12576: checking whether to build static libraries
configure:12580: result: yes
configure:12603: checking how to run the C++ preprocessor
configure:12630: g++ -E  conftest.cpp
configure:12630: $? = 0
configure:12644: g++ -E  conftest.cpp
conftest.cpp:23:28: fatal error: ac_nonexistent.h: No such file or directory
compilation terminated.
configure:12644: $? = 1
configure: failed program was:
| /* confdefs.h */
| #define PACKAGE_NAME "starall-core"
| #define PACKAGE_TARNAME "starall-core"
| #define PACKAGE_VERSION "0.1"
| #define PACKAGE_STRING "starall-core 0.1"
| #define PACKAGE_BUGREPORT ""
| #define PACKAGE_URL "http://www.starall.org"
| #define PACKAGE "starall-core"
| #define VERSION "0.1"
| #define STDC_HEADERS 1
| #define HAVE_SYS_TYPES_H 1
| #define HAVE_SYS_STAT_H 1
| #define HAVE_STDLIB_H 1
| #define HAVE_STRING_H 1
| #define HAVE_MEMORY_H 1
| #define HAVE_STRINGS_H 1
| #define HAVE_INTTYPES_H 1
| #define HAVE_STDINT_H 1
| #define HAVE_UNISTD_H 1
| #define HAVE_DLFCN_H 1
| #define LT_OBJDIR ".libs/"
| /* end confdefs.h.  */
| #include <ac_nonexistent.h>
configure:12669: result: g++ -E
configure:12689: g++ -E  conftest.cpp
configure:12689: $? = 0
configure:12703: g++ -E  conftest.cpp
conftest.cpp:23:28: fatal error: ac_nonexistent.h: No such file or directory
compilation terminated.
configure:12703: $? = 1
configure: failed program was:
| /* confdefs.h */
| #define PACKAGE_NAME "starall-core"
| #define PACKAGE_TARNAME "starall-core"
| #define PACKAGE_VERSION "0.1"
| #define PACKAGE_STRING "starall-core 0.1"
| #define PACKAGE_BUGREPORT ""
| #define PACKAGE_URL "http://www.starall.org"
| #define PACKAGE "starall-core"
| #define VERSION "0.1"
| #define STDC_HEADERS 1
| #define HAVE_SYS_TYPES_H 1
| #define HAVE_SYS_STAT_H 1
| #define HAVE_STDLIB_H 1
| #define HAVE_STRING_H 1
| #define HAVE_MEMORY_H 1
| #define HAVE_STRINGS_H 1
| #define HAVE_INTTYPES_H 1
| #define HAVE_STDINT_H 1
| #define HAVE_UNISTD_H 1
| #define HAVE_DLFCN_H 1
| #define LT_OBJDIR ".libs/"
| /* end confdefs.h.  */
| #include <ac_nonexistent.h>
configure:12865: checking for ld used by g++
configure:12932: result: /usr/bin/ld -m elf_x86_64
configure:12939: checking if the linker (/usr/bin/ld -m elf_x86_64) is GNU ld
configure:12954: result: yes
configure:13009: checking whether the g++ linker (/usr/bin/ld -m elf_x86_64) supports shared libraries
configure:14082: result: yes
configure:14118: g++ -c -g -O2  conftest.cpp >&5
configure:14121: $? = 0
configure:14602: checking for g++ option to produce PIC
configure:14609: result: -fPIC -DPIC
configure:14617: checking if g++ PIC flag -fPIC -DPIC works
configure:14635: g++ -c -g -O2  -fPIC -DPIC -DPIC conftest.cpp >&5
configure:14639: $? = 0
configure:14652: result: yes
configure:14675: checking if g++ static flag -static works
configure:14703: result: yes
configure:14715: checking if g++ supports -c -o file.o
configure:14736: g++ -c -g -O2  -o out/conftest2.o conftest.cpp >&5
configure:14740: $? = 0
configure:14762: result: yes
configure:14767: checking if g++ supports -c -o file.o
configure:14814: result: yes
configure:14844: checking whether the g++ linker (/usr/bin/ld -m elf_x86_64) supports shared libraries
configure:14887: result: yes
configure:15028: checking dynamic linker characteristics
configure:15785: result: GNU/Linux ld.so
configure:15850: checking how to hardcode library paths into programs
configure:15875: result: immediate
configure:15958: checking whether g++ supports C++14 features with -std=c++14
configure:16374: g++ -std=c++14 -c -g -O2  conftest.cpp >&5
configure:16374: $? = 0
configure:16383: result: yes
configure:16463: checking for g++ >= 4.9
configure:16479: g++ -std=c++14 -c -g -O2  conftest.cpp >&5
configure:16479: $? = 0
configure:16480: result: yes
configure:16493: checking for a sufficiently-new libstdc++
configure:16517: g++ -std=c++14 -c -g -O2  conftest.cpp >&5
configure:16517: $? = 0
configure:16518: result: yes
configure:16533: checking whether C++ compiler accepts 
configure:16552: g++ -std=c++14 -c -g -O2    conftest.cpp >&5
configure:16552: $? = 0
configure:16560: result: yes
configure:16578: : CXXFLAGS="$CXXFLAGS "
configure:16581: $? = 0
configure:16594: checking whether C++ compiler accepts -pthread
configure:16613: g++ -std=c++14 -c -g -O2   -pthread  conftest.cpp >&5
configure:16613: $? = 0
configure:16622: result: yes
configure:16635: : CXXFLAGS="$CXXFLAGS $flag"
configure:16638: $? = 0
configure:16711: checking whether C++ compiler accepts -Wall
configure:16730: g++ -std=c++14 -c -g -O2  -pthread  -Wall  conftest.cpp >&5
configure:16730: $? = 0
configure:16739: result: yes
configure:16752: : CXXFLAGS="$CXXFLAGS $flag"
configure:16755: $? = 0
configure:16711: checking whether C++ compiler accepts -Wno-unused-command-line-argument
configure:16730: g++ -std=c++14 -c -g -O2  -pthread -Wall  -Wno-unused-command-line-argument  conftest.cpp >&5
configure:16730: $? = 0
configure:16739: result: yes
configure:16752: : CXXFLAGS="$CXXFLAGS $flag"
configure:16755: $? = 0
configure:16711: checking whether C++ compiler accepts -Qunused-arguments
configure:16730: g++ -std=c++14 -c -g -O2  -pthread -Wall -Wno-unused-command-line-argument  -Qunused-arguments  conftest.cpp >&5
g++: error: unrecognized command line option '-Qunused-arguments'
configure:16730: $? = 1
configure: failed program was:
| /* confdefs.h */
| #define PACKAGE_NAME "starall-core"
| #define PACKAGE_TARNAME "starall-core"
| #define PACKAGE_VERSION "0.1"
| #define PACKAGE_STRING "starall-core 0.1"
| #define PACKAGE_BUGREPORT ""
| #define PACKAGE_URL "http://www.starall.org"
| #define PACKAGE "starall-core"
| #define VERSION "0.1"
| #define STDC_HEADERS 1
| #define HAVE_SYS_TYPES_H 1
| #define HAVE_SYS_STAT_H 1
| #define HAVE_STDLIB_H 1
| #define HAVE_STRING_H 1
| #define HAVE_MEMORY_H 1
| #define HAVE_STRINGS_H 1
| #define HAVE_INTTYPES_H 1
| #define HAVE_STDINT_H 1
| #define HAVE_UNISTD_H 1
| #define HAVE_DLFCN_H 1
| #define LT_OBJDIR ".libs/"
| #define HAVE_CXX14 1
| /* end confdefs.h.  */
| 
| int
| main ()
| {
| 
|   ;
|   return 0;
| }
configure:16739: result: no
configure:16711: checking whether C++ compiler accepts -Wno-unused-local-typedef
configure:16730: g++ -std=c++14 -c -g -O2  -pthread -Wall -Wno-unused-command-line-argument  -Wno-unused-local-typedef  conftest.cpp >&5
configure:16730: $? = 0
configure:16739: result: yes
configure:16752: : CXXFLAGS="$CXXFLAGS $flag"
configure:16755: $? = 0
configure:16711: checking whether C++ compiler accepts -Wno-unknown-warning-option
configure:16730: g++ -std=c++14 -c -g -O2  -pthread -Wall -Wno-unused-command-line-argument -Wno-unused-local-typedef  -Wno-unknown-warning-option  conftest.cpp >&5
configure:16730: $? = 0
configure:16739: result: yes
configure:16752: : CXXFLAGS="$CXXFLAGS $flag"
configure:16755: $? = 0
configure:16711: checking whether C++ compiler accepts -Werror=unused-result
configure:16730: g++ -std=c++14 -c -g -O2  -pthread -Wall -Wno-unused-command-line-argument -Wno-unused-local-typedef -Wno-unknown-warning-option  -Werror=unused-result  conftest.cpp >&5
configure:16730: $? = 0
configure:16739: result: yes
configure:16752: : CXXFLAGS="$CXXFLAGS $flag"
configure:16755: $? = 0
configure:16780: checking whether C compiler accepts -Wall
configure:16799: gcc -c -g -O2  -Wall  conftest.c >&5
configure:16799: $? = 0
configure:16808: result: yes
configure:16821: : CFLAGS="$CFLAGS $flag"
configure:16824: $? = 0
configure:16780: checking whether C compiler accepts -Wno-unused-command-line-argument
configure:16799: gcc -c -g -O2 -Wall  -Wno-unused-command-line-argument  conftest.c >&5
configure:16799: $? = 0
configure:16808: result: yes
configure:16821: : CFLAGS="$CFLAGS $flag"
configure:16824: $? = 0
configure:16780: checking whether C compiler accepts -Qunused-arguments
configure:16799: gcc -c -g -O2 -Wall -Wno-unused-command-line-argument  -Qunused-arguments  conftest.c >&5
gcc: error: unrecognized command line option '-Qunused-arguments'
configure:16799: $? = 1
configure: failed program was:
| /* confdefs.h */
| #define PACKAGE_NAME "starall-core"
| #define PACKAGE_TARNAME "starall-core"
| #define PACKAGE_VERSION "0.1"
| #define PACKAGE_STRING "starall-core 0.1"
| #define PACKAGE_BUGREPORT ""
| #define PACKAGE_URL "http://www.starall.org"
| #define PACKAGE "starall-core"
| #define VERSION "0.1"
| #define STDC_HEADERS 1
| #define HAVE_SYS_TYPES_H 1
| #define HAVE_SYS_STAT_H 1
| #define HAVE_STDLIB_H 1
| #define HAVE_STRING_H 1
| #define HAVE_MEMORY_H 1
| #define HAVE_STRINGS_H 1
| #define HAVE_INTTYPES_H 1
| #define HAVE_STDINT_H 1
| #define HAVE_UNISTD_H 1
| #define HAVE_DLFCN_H 1
| #define LT_OBJDIR ".libs/"
| #define HAVE_CXX14 1
| /* end confdefs.h.  */
| 
| int
| main ()
| {
| 
|   ;
|   return 0;
| }
configure:16808: result: no
configure:16780: checking whether C compiler accepts -Wno-unused-local-typedef
configure:16799: gcc -c -g -O2 -Wall -Wno-unused-command-line-argument  -Wno-unused-local-typedef  conftest.c >&5
configure:16799: $? = 0
configure:16808: result: yes
configure:16821: : CFLAGS="$CFLAGS $flag"
configure:16824: $? = 0
configure:16780: checking whether C compiler accepts -Wno-unknown-warning-option
configure:16799: gcc -c -g -O2 -Wall -Wno-unused-command-line-argument -Wno-unused-local-typedef  -Wno-unknown-warning-option  conftest.c >&5
configure:16799: $? = 0
configure:16808: result: yes
configure:16821: : CFLAGS="$CFLAGS $flag"
configure:16824: $? = 0
configure:16780: checking whether C compiler accepts -Werror=unused-result
configure:16799: gcc -c -g -O2 -Wall -Wno-unused-command-line-argument -Wno-unused-local-typedef -Wno-unknown-warning-option  -Werror=unused-result  conftest.c >&5
configure:16799: $? = 0
configure:16808: result: yes
configure:16821: : CFLAGS="$CFLAGS $flag"
configure:16824: $? = 0
configure:17178: checking for clang-format-5.0
configure:17194: found /usr/bin/clang-format-5.0
configure:17205: result: clang-format-5.0
configure:17237: checking for valgrind
configure:17267: result: no
configure:17273: checking whether to enable Valgrind on the unit tests
configure:17294: result: yes
configure:17533: checking for pkg-config
configure:17551: found /usr/bin/pkg-config
configure:17563: result: /usr/bin/pkg-config
configure:17588: checking pkg-config is at least version 0.9.0
configure:17591: result: yes
configure:17601: checking for sqlite3
configure:17608: $PKG_CONFIG --exists --print-errors "sqlite3 >= 3.8.0"
Package sqlite3 was not found in the pkg-config search path.
Perhaps you should add the directory containing `sqlite3.pc'
to the PKG_CONFIG_PATH environment variable
No package 'sqlite3' found
configure:17611: $? = 1
configure:17625: $PKG_CONFIG --exists --print-errors "sqlite3 >= 3.8.0"
Package sqlite3 was not found in the pkg-config search path.
Perhaps you should add the directory containing `sqlite3.pc'
to the PKG_CONFIG_PATH environment variable
No package 'sqlite3' found
configure:17628: $? = 1
configure:17642: result: no
No package 'sqlite3' found
configure:17687: checking for libsodium
configure:17694: $PKG_CONFIG --exists --print-errors "libsodium >= 1.0.13"
Package libsodium was not found in the pkg-config search path.
Perhaps you should add the directory containing `libsodium.pc'
to the PKG_CONFIG_PATH environment variable
No package 'libsodium' found
configure:17697: $? = 1
configure:17711: $PKG_CONFIG --exists --print-errors "libsodium >= 1.0.13"
Package libsodium was not found in the pkg-config search path.
Perhaps you should add the directory containing `libsodium.pc'
to the PKG_CONFIG_PATH environment variable
No package 'libsodium' found
configure:17714: $? = 1
configure:17728: result: no
No package 'libsodium' found
configure:18023: checking for xdrc
configure:18074: result: $(top_builddir)/lib/xdrpp/xdrc/xdrc$(EXEEXT)
configure:18437: checking that generated files are newer than configure
configure:18443: result: done
configure:18502: creating ./config.status

## ---------------------- ##
## Running config.status. ##
## ---------------------- ##

This file was extended by starall-core config.status 0.1, which was
generated by GNU Autoconf 2.69.  Invocation command line was

  CONFIG_FILES    = 
  CONFIG_HEADERS  = 
  CONFIG_LINKS    = 
  CONFIG_COMMANDS = 
  $ ./config.status 

on cointeam1

config.status:1275: creating lib/Makefile
config.status:1275: creating src/Makefile
config.status:1275: creating Makefile
config.status:1275: creating config.h
config.status:1456: config.h is unchanged
config.status:1504: executing depfiles commands
config.status:1504: executing libtool commands
configure:20979: === configuring in lib/libsodium (/root/starall-core/lib/libsodium)
configure:21042: running /bin/bash ./configure --disable-option-checking '--prefix=/usr/local'  '--disable-postgres' '--disable-silent-rules' '--disable-shared' 'CC=gcc' 'CXX=g++ -std=c++14' --cache-file=/dev/null --srcdir=.
configure:20979: === configuring in lib/xdrpp (/root/starall-core/lib/xdrpp)
configure:21042: running /bin/bash ./configure --disable-option-checking '--prefix=/usr/local'  '--disable-postgres' '--disable-silent-rules' '--disable-shared' 'CC=gcc' 'CXX=g++ -std=c++14' --cache-file=/dev/null --srcdir=.

## ---------------- ##
## Cache variables. ##
## ---------------- ##

ac_cv_build=x86_64-pc-linux-gnu
ac_cv_c_compiler_gnu=yes
ac_cv_cxx_compiler_gnu=yes
ac_cv_env_CCC_set=
ac_cv_env_CCC_value=
ac_cv_env_CC_set=
ac_cv_env_CC_value=
ac_cv_env_CFLAGS_set=
ac_cv_env_CFLAGS_value=
ac_cv_env_CPPFLAGS_set=
ac_cv_env_CPPFLAGS_value=
ac_cv_env_CPP_set=
ac_cv_env_CPP_value=
ac_cv_env_CXXCPP_set=
ac_cv_env_CXXCPP_value=
ac_cv_env_CXXFLAGS_set=
ac_cv_env_CXXFLAGS_value=
ac_cv_env_CXX_set=
ac_cv_env_CXX_value=
ac_cv_env_LDFLAGS_set=
ac_cv_env_LDFLAGS_value=
ac_cv_env_LIBS_set=
ac_cv_env_LIBS_value=
ac_cv_env_LT_SYS_LIBRARY_PATH_set=
ac_cv_env_LT_SYS_LIBRARY_PATH_value=
ac_cv_env_PKG_CONFIG_LIBDIR_set=
ac_cv_env_PKG_CONFIG_LIBDIR_value=
ac_cv_env_PKG_CONFIG_PATH_set=
ac_cv_env_PKG_CONFIG_PATH_value=
ac_cv_env_PKG_CONFIG_set=
ac_cv_env_PKG_CONFIG_value=
ac_cv_env_build_alias_set=
ac_cv_env_build_alias_value=
ac_cv_env_host_alias_set=
ac_cv_env_host_alias_value=
ac_cv_env_libmedida_CFLAGS_set=
ac_cv_env_libmedida_CFLAGS_value=
ac_cv_env_libmedida_LIBS_set=
ac_cv_env_libmedida_LIBS_value=
ac_cv_env_libpq_CFLAGS_set=
ac_cv_env_libpq_CFLAGS_value=
ac_cv_env_libpq_LIBS_set=
ac_cv_env_libpq_LIBS_value=
ac_cv_env_libsodium_CFLAGS_set=
ac_cv_env_libsodium_CFLAGS_value=
ac_cv_env_libsodium_LIBS_set=
ac_cv_env_libsodium_LIBS_value=
ac_cv_env_sqlite3_CFLAGS_set=
ac_cv_env_sqlite3_CFLAGS_value=
ac_cv_env_sqlite3_LIBS_set=
ac_cv_env_sqlite3_LIBS_value=
ac_cv_env_target_alias_set=
ac_cv_env_target_alias_value=
ac_cv_env_xdrpp_CFLAGS_set=
ac_cv_env_xdrpp_CFLAGS_value=
ac_cv_env_xdrpp_LIBS_set=
ac_cv_env_xdrpp_LIBS_value=
ac_cv_header_dlfcn_h=yes
ac_cv_header_inttypes_h=yes
ac_cv_header_memory_h=yes
ac_cv_header_stdc=yes
ac_cv_header_stdint_h=yes
ac_cv_header_stdlib_h=yes
ac_cv_header_string_h=yes
ac_cv_header_strings_h=yes
ac_cv_header_sys_stat_h=yes
ac_cv_header_sys_types_h=yes
ac_cv_header_unistd_h=yes
ac_cv_host=x86_64-pc-linux-gnu
ac_cv_objext=o
ac_cv_path_EGREP='/bin/grep -E'
ac_cv_path_FGREP='/bin/grep -F'
ac_cv_path_GREP=/bin/grep
ac_cv_path_SED=/bin/sed
ac_cv_path_ac_pt_PKG_CONFIG=/usr/bin/pkg-config
ac_cv_path_install='/usr/bin/install -c'
ac_cv_path_lt_DD=/bin/dd
ac_cv_path_mkdir=/bin/mkdir
ac_cv_prog_AWK=mawk
ac_cv_prog_CLANG_FORMAT=clang-format-5.0
ac_cv_prog_CPP='gcc -E'
ac_cv_prog_CXXCPP='g++ -E'
ac_cv_prog_ac_ct_AR=ar
ac_cv_prog_ac_ct_CC=gcc
ac_cv_prog_ac_ct_CXX=g++
ac_cv_prog_ac_ct_MANIFEST_TOOL=mt
ac_cv_prog_ac_ct_OBJDUMP=objdump
ac_cv_prog_ac_ct_RANLIB=ranlib
ac_cv_prog_ac_ct_STRIP=strip
ac_cv_prog_cc_c89=
ac_cv_prog_cc_g=yes
ac_cv_prog_cxx_g=yes
ac_cv_prog_make_make_set=yes
am_cv_CC_dependencies_compiler_type=gcc3
am_cv_CXX_dependencies_compiler_type=gcc3
am_cv_ar_interface=ar
am_cv_make_support_nested_variables=yes
am_cv_prog_cc_c_o=yes
am_cv_prog_tar_ustar=gnutar
ax_cv_check_cflags___Qunused_arguments=no
ax_cv_check_cflags___Wall=yes
ax_cv_check_cflags___Werror_unused_result=yes
ax_cv_check_cflags___Wno_unknown_warning_option=yes
ax_cv_check_cflags___Wno_unused_command_line_argument=yes
ax_cv_check_cflags___Wno_unused_local_typedef=yes
ax_cv_check_cxxflags__=yes
ax_cv_check_cxxflags___Qunused_arguments=no
ax_cv_check_cxxflags___Wall=yes
ax_cv_check_cxxflags___Werror_unused_result=yes
ax_cv_check_cxxflags___Wno_unknown_warning_option=yes
ax_cv_check_cxxflags___Wno_unused_command_line_argument=yes
ax_cv_check_cxxflags___Wno_unused_local_typedef=yes
ax_cv_check_cxxflags___pthread=yes
ax_cv_cxx_compile_cxx14__std_cpp14=yes
lt_cv_ar_at_file=@
lt_cv_deplibs_check_method=pass_all
lt_cv_file_magic_cmd='$MAGIC_CMD'
lt_cv_file_magic_test_file=
lt_cv_ld_reload_flag=-r
lt_cv_nm_interface='BSD nm'
lt_cv_objdir=.libs
lt_cv_path_LD=/usr/bin/ld
lt_cv_path_LDCXX='/usr/bin/ld -m elf_x86_64'
lt_cv_path_NM='/usr/bin/nm -B'
lt_cv_path_mainfest_tool=no
lt_cv_prog_compiler_c_o=yes
lt_cv_prog_compiler_c_o_CXX=yes
lt_cv_prog_compiler_pic='-fPIC -DPIC'
lt_cv_prog_compiler_pic_CXX='-fPIC -DPIC'
lt_cv_prog_compiler_pic_works=yes
lt_cv_prog_compiler_pic_works_CXX=yes
lt_cv_prog_compiler_rtti_exceptions=no
lt_cv_prog_compiler_static_works=yes
lt_cv_prog_compiler_static_works_CXX=yes
lt_cv_prog_gnu_ld=yes
lt_cv_prog_gnu_ldcxx=yes
lt_cv_sharedlib_from_linklib_cmd='printf %s\n'
lt_cv_shlibpath_overrides_runpath=no
lt_cv_sys_global_symbol_pipe='sed -n -e '\''s/^.*[	 ]\([ABCDGIRSTW][ABCDGIRSTW]*\)[	 ][	 ]*\([_A-Za-z][_A-Za-z0-9]*\)$/\1 \2 \2/p'\'' | sed '\''/ __gnu_lto/d'\'''
lt_cv_sys_global_symbol_to_c_name_address='sed -n -e '\''s/^: \(.*\) .*$/  {"\1", (void *) 0},/p'\'' -e '\''s/^[ABCDGIRSTW][ABCDGIRSTW]* .* \(.*\)$/  {"\1", (void *) \&\1},/p'\'''
lt_cv_sys_global_symbol_to_c_name_address_lib_prefix='sed -n -e '\''s/^: \(.*\) .*$/  {"\1", (void *) 0},/p'\'' -e '\''s/^[ABCDGIRSTW][ABCDGIRSTW]* .* \(lib.*\)$/  {"\1", (void *) \&\1},/p'\'' -e '\''s/^[ABCDGIRSTW][ABCDGIRSTW]* .* \(.*\)$/  {"lib\1", (void *) \&\1},/p'\'''
lt_cv_sys_global_symbol_to_cdecl='sed -n -e '\''s/^T .* \(.*\)$/extern int \1();/p'\'' -e '\''s/^[ABCDGIRSTW][ABCDGIRSTW]* .* \(.*\)$/extern char \1;/p'\'''
lt_cv_sys_global_symbol_to_import=
lt_cv_sys_max_cmd_len=1572864
lt_cv_to_host_file_cmd=func_convert_file_noop
lt_cv_to_tool_file_cmd=func_convert_file_noop
lt_cv_truncate_bin='/bin/dd bs=4096 count=1'

## ----------------- ##
## Output variables. ##
## ----------------- ##












			$(MAKE) $(AM_MAKEFLAGS) -k check-valgrind-tool VALGRIND_TOOL=$(tool); \
		$(if $(VALGRIND_HAVE_TOOL_$(tool))$(VALGRIND_HAVE_TOOL_exp_$(tool)), \
		) \
		LOG_COMPILER="$(VALGRIND_LOG_COMPILER)" \
		LOG_FLAGS="$(valgrind_$(VALGRIND_TOOL)_flags)" \
		TESTS_ENVIRONMENT="$(VALGRIND_TESTS_ENVIRONMENT)" \
		TEST_SUITE_LOG=test-suite-$(VALGRIND_TOOL).log
	$(MAKE) check-TESTS \
	$(TESTS_ENVIRONMENT) \
	$(VALGRIND) $(VALGRIND_SUPPRESSIONS) --error-exitcode=1 $(VALGRIND_FLAGS)
	)
	-$(foreach tool,$(valgrind_tools), \
	@echo "Need to reconfigure with --enable-valgrind"
	@echo "Need to reconfigure with --enable-valgrind"
	G_DEBUG=fatal-warnings,fatal-criticals,gc-friendly
	G_SLICE=always-malloc,debug-blocks \
	env VALGRIND=$(VALGRIND) \
#
#    (Default: --num-callers=30)
#    files to load. (Default: empty)
#    memcheck, helgrind, drd, sgcheck). (Default: various)
#  - VALGRIND_$toolname_FLAGS: Flags to pass to Valgrind $toolname (one of:
#  - VALGRIND_FLAGS: General flags to pass to all Valgrind tools.
#  - VALGRIND_SUPPRESSIONS_FILES: Space-separated list of Valgrind suppressions
# Internal use
# Optional variables
# Optional:
# Use recursive makes in order to ignore errors during check
# Valgrind check
# Valgrind running
'
.PHONY: check-valgrind check-valgrind-tool
ACLOCAL='${SHELL} /root/starall-core/missing aclocal-1.15'
AFL_CLANG=''
AFL_CLANGPP=''
AFL_FUZZ=''
AFL_GCC=''
AFL_GPP=''
AMDEPBACKSLASH='\'
AMDEP_FALSE='#'
AMDEP_TRUE=''
AMTAR='$${TAR-tar}'
AM_BACKSLASH='\'
AM_DEFAULT_V='$(AM_DEFAULT_VERBOSITY)'
AM_DEFAULT_VERBOSITY='1'
AM_V='$(V)'
AR='ar'
AUTOCONF='${SHELL} /root/starall-core/missing autoconf'
AUTOHEADER='${SHELL} /root/starall-core/missing autoheader'
AUTOMAKE='${SHELL} /root/starall-core/missing automake-1.15'
AWK='mawk'
CC='gcc'
CCACHE=''
CCDEPMODE='depmode=gcc3'
CFLAGS='-g -O2 -Wall -Wno-unused-command-line-argument -Wno-unused-local-typedef -Wno-unknown-warning-option -Werror=unused-result'
CLANG_FORMAT='clang-format-5.0'
CPP='gcc -E'
CPPFLAGS=''
CXX='g++ -std=c++14'
CXXCPP='g++ -E -std=c++14'
CXXDEPMODE='depmode=gcc3'
CXXFLAGS='-g -O2  -pthread -Wall -Wno-unused-command-line-argument -Wno-unused-local-typedef -Wno-unknown-warning-option -Werror=unused-result'
CYGPATH_W='echo'
DEFS='-DHAVE_CONFIG_H'
DEPDIR='.deps'
DISTCHECK_CONFIGURE_FLAGS += --disable-valgrind
DISTCHECK_CONFIGURE_FLAGS ?=
DLLTOOL='false'
DSYMUTIL=''
DUMPBIN=''
ECHO_C=''
ECHO_N='-n'
ECHO_T=''
EGREP='/bin/grep -E'
EXEEXT=''
FGREP='/bin/grep -F'
GREP='/bin/grep'
HAVE_CXX14='1'
INSTALL_DATA='${INSTALL} -m 644'
INSTALL_PROGRAM='${INSTALL}'
INSTALL_SCRIPT='${INSTALL}'
INSTALL_STRIP_PROGRAM='$(install_sh) -c -s'
LD='/usr/bin/ld -m elf_x86_64'
LDFLAGS=''
LIBMEDIDA_INTERNAL_FALSE='#'
LIBMEDIDA_INTERNAL_TRUE=''
LIBOBJS=''
LIBS=''
LIBSODIUM_INTERNAL_FALSE='#'
LIBSODIUM_INTERNAL_TRUE=''
LIBTOOL='$(SHELL) $(top_builddir)/libtool'
LIBTOOL_DEPS='./ltmain.sh'
LIPO=''
LN_S='ln -s'
LTLIBOBJS=''
LT_SYS_LIBRARY_PATH=''
MAKEINFO='${SHELL} /root/starall-core/missing makeinfo'
MANIFEST_TOOL=':'
MKDIR_P='/bin/mkdir -p'
MOSTLYCLEANFILES += $(valgrind_log_files)
MOSTLYCLEANFILES ?=
NM='/usr/bin/nm -B'
NMEDIT=''
OBJDUMP='objdump'
OBJEXT='o'
OTOOL64=''
OTOOL=''
PACKAGE='starall-core'
PACKAGE_BUGREPORT=''
PACKAGE_NAME='starall-core'
PACKAGE_STRING='starall-core 0.1'
PACKAGE_TARNAME='starall-core'
PACKAGE_URL='http://www.starall.org'
PACKAGE_VERSION='0.1'
PATH_SEPARATOR=':'
PKGCONFIG_SUBDIRS=' $(top_builddir)/lib/libsodium $(top_builddir)/lib/xdrpp'
PKG_CONFIG='/usr/bin/pkg-config'
PKG_CONFIG_LIBDIR=''
PKG_CONFIG_PATH=''
RANLIB='ranlib'
SED='/bin/sed'
SET_MAKE=''
SHELL='/bin/bash'
SQLITE3_INTERNAL_FALSE='#'
SQLITE3_INTERNAL_TRUE=''
STRIP='strip'
USE_AFL_FUZZ_FALSE=''
USE_AFL_FUZZ_TRUE='#'
USE_CLANG_FORMAT_FALSE='#'
USE_CLANG_FORMAT_TRUE=''
USE_POSTGRES_FALSE=''
USE_POSTGRES_TRUE='#'
VALGRIND=''
VALGRIND_CHECK_RULES='
VALGRIND_ENABLED='yes'
VALGRIND_ENABLED_FALSE='#'
VALGRIND_ENABLED_TRUE=''
VALGRIND_FLAGS ?= --num-callers=30
VALGRIND_HAVE_TOOL_drd=''
VALGRIND_HAVE_TOOL_exp_sgcheck=''
VALGRIND_HAVE_TOOL_helgrind=''
VALGRIND_HAVE_TOOL_memcheck=''
VALGRIND_LOG_COMPILER = \
VALGRIND_SUPPRESSIONS ?= $(addprefix --suppressions=,$(VALGRIND_SUPPRESSIONS_FILES))
VALGRIND_TESTS_ENVIRONMENT = \
VALGRIND_drd_FLAGS ?=
VALGRIND_helgrind_FLAGS ?= --history-level=approx
VALGRIND_memcheck_FLAGS ?= --leak-check=full --show-reachable=no
VALGRIND_sgcheck_FLAGS ?=
VERSION='0.1'
XDRC='$(top_builddir)/lib/xdrpp/xdrc/xdrc$(EXEEXT)'
XDRPP_INTERNAL_FALSE='#'
XDRPP_INTERNAL_TRUE=''
ac_ct_AR='ar'
ac_ct_CC='gcc'
ac_ct_CXX='g++'
ac_ct_DUMPBIN=''
am__EXEEXT_FALSE=''
am__EXEEXT_TRUE='#'
am__fastdepCC_FALSE='#'
am__fastdepCC_TRUE=''
am__fastdepCXX_FALSE='#'
am__fastdepCXX_TRUE=''
am__include='include'
am__isrc=''
am__leading_dot='.'
am__nodep='_no'
am__quote=''
am__tar='tar --format=ustar -chf - "$$tardir"'
am__untar='tar -xf -'
bindir='${exec_prefix}/bin'
build='x86_64-pc-linux-gnu'
build_alias=''
build_cpu='x86_64'
build_os='linux-gnu'
build_vendor='pc'
check-valgrind-tool:
check-valgrind:
datadir='${datarootdir}'
datarootdir='${prefix}/share'
docdir='${datarootdir}/doc/${PACKAGE_TARNAME}'
dvidir='${docdir}'
else
else
endif
endif
exec_prefix='${prefix}'
host='x86_64-pc-linux-gnu'
host_alias=''
host_cpu='x86_64'
host_os='linux-gnu'
host_vendor='pc'
htmldir='${docdir}'
ifeq ($(VALGRIND_ENABLED),yes)
ifeq ($(VALGRIND_ENABLED),yes)
includedir='${prefix}/include'
infodir='${datarootdir}/info'
install_sh='${SHELL} /root/starall-core/install-sh'
libasio_CFLAGS='-DASIO_SEPARATE_COMPILATION=1 -DASIO_STANDALONE -isystem $(top_srcdir)/lib/asio/asio/include'
libdir='${exec_prefix}/lib'
libexecdir='${exec_prefix}/libexec'
libmedida_CFLAGS='-isystem $(top_srcdir)/lib/libmedida/src'
libmedida_LIBS='$(top_builddir)/lib/libmedida.a'
libpq_CFLAGS=''
libpq_LIBS=''
libsodium_CFLAGS='-isystem $(abs_top_builddir)/lib/libsodium/src/libsodium/include -isystem $(top_srcdir)/lib/libsodium/src/libsodium/include -isystem $(top_srcdir)/lib/libsodium/src/libsodium/include/sodium'
libsodium_LIBS='$(top_builddir)/lib/libsodium/src/libsodium/libsodium.la'
localedir='${datarootdir}/locale'
localstatedir='${prefix}/var'
mandir='${datarootdir}/man'
mkdir_p='$(MKDIR_P)'
oldincludedir='/usr/include'
pdfdir='${docdir}'
prefix='/usr/local'
program_transform_name='s,x,x,'
psdir='${docdir}'
runstatedir='${localstatedir}/run'
sbindir='${exec_prefix}/sbin'
sharedstatedir='${prefix}/com'
soci_CFLAGS='-isystem $(top_srcdir)/lib/soci/src/core -isystem $(top_srcdir)/lib/soci/src/backends/sqlite3'
soci_LIBS='$(top_builddir)/lib/libsoci.a'
sqlite3_CFLAGS='-isystem $(top_srcdir)/lib/sqlite'
sqlite3_LIBS=''
subdirs=' lib/libsodium lib/xdrpp'
sysconfdir='${prefix}/etc'
target_alias=''
valgrind_drd_flags = --tool=drd $(VALGRIND_drd_FLAGS)
valgrind_helgrind_flags = --tool=helgrind $(VALGRIND_helgrind_FLAGS)
valgrind_log_files = $(addprefix test-suite-,$(addsuffix .log,$(valgrind_tools)))
valgrind_memcheck_flags = --tool=memcheck $(VALGRIND_memcheck_FLAGS)
valgrind_quiet = $(valgrind_quiet_$(V))
valgrind_quiet_ = $(valgrind_quiet_$(AM_DEFAULT_VERBOSITY))
valgrind_quiet_0 = --quiet
valgrind_sgcheck_flags = --tool=exp-sgcheck $(VALGRIND_sgcheck_FLAGS)
valgrind_tools = memcheck helgrind drd sgcheck
xdrpp_CFLAGS='-isystem $(abs_top_srcdir)/lib/xdrpp -isystem $(abs_top_builddir)/lib/xdrpp'
xdrpp_LIBS='$(abs_top_builddir)/lib/xdrpp/xdrpp/libxdrpp.a'

## ----------- ##
## confdefs.h. ##
## ----------- ##

/* confdefs.h */
#define PACKAGE_NAME "starall-core"
#define PACKAGE_TARNAME "starall-core"
#define PACKAGE_VERSION "0.1"
#define PACKAGE_STRING "starall-core 0.1"
#define PACKAGE_BUGREPORT ""
#define PACKAGE_URL "http://www.starall.org"
#define PACKAGE "starall-core"
#define VERSION "0.1"
#define STDC_HEADERS 1
#define HAVE_SYS_TYPES_H 1
#define HAVE_SYS_STAT_H 1
#define HAVE_STDLIB_H 1
#define HAVE_STRING_H 1
#define HAVE_MEMORY_H 1
#define HAVE_STRINGS_H 1
#define HAVE_INTTYPES_H 1
#define HAVE_STDINT_H 1
#define HAVE_UNISTD_H 1
#define HAVE_DLFCN_H 1
#define LT_OBJDIR ".libs/"
#define HAVE_CXX14 1

configure: exit 0

## ---------------------- ##
## Running config.status. ##
## ---------------------- ##

This file was extended by starall-core config.status 0.1, which was
generated by GNU Autoconf 2.69.  Invocation command line was

  CONFIG_FILES    = 
  CONFIG_HEADERS  = 
  CONFIG_LINKS    = 
  CONFIG_COMMANDS = 
  $ ./config.status src/Makefile depfiles

on cointeam1

config.status:1275: creating src/Makefile
config.status:1504: executing depfiles commands
